{"numTotalTestSuites":72,"numPassedTestSuites":71,"numFailedTestSuites":1,"numPendingTestSuites":0,"numTotalTests":164,"numPassedTests":159,"numFailedTests":5,"numPendingTests":0,"numTodoTests":0,"startTime":1758073746393,"success":false,"testResults":[{"assertionResults":[{"ancestorTitles":["","CoachPolicyV2","Rate limiting & anti-repeat"],"fullName":" CoachPolicyV2 Rate limiting & anti-repeat should allow first hint immediately","status":"passed","title":"should allow first hint immediately","duration":3,"failureMessages":[]},{"ancestorTitles":["","CoachPolicyV2","Rate limiting & anti-repeat"],"fullName":" CoachPolicyV2 Rate limiting & anti-repeat should rate limit subsequent hints to 1 per second","status":"passed","title":"should rate limit subsequent hints to 1 per second","duration":2,"failureMessages":[]},{"ancestorTitles":["","CoachPolicyV2","Rate limiting & anti-repeat"],"fullName":" CoachPolicyV2 Rate limiting & anti-repeat should prevent duplicate hint IDs within 4 seconds","status":"passed","title":"should prevent duplicate hint IDs within 4 seconds","duration":5,"failureMessages":[]},{"ancestorTitles":["","CoachPolicyV2","Safety outranks technique"],"fullName":" CoachPolicyV2 Safety outranks technique should prioritize loudness safety over jitter hints","status":"passed","title":"should prioritize loudness safety over jitter hints","duration":1,"failureMessages":[]},{"ancestorTitles":["","CoachPolicyV2","Target miss vs confidence precedence"],"fullName":" CoachPolicyV2 Target miss vs confidence precedence should prefer target miss over confidence hints","status":"passed","title":"should prefer target miss over confidence hints","duration":1,"failureMessages":[]},{"ancestorTitles":["","CoachPolicyV2","Post-utterance feedback"],"fullName":" CoachPolicyV2 Post-utterance feedback should prioritize praise for high DTW tiers","status":"passed","title":"should prioritize praise for high DTW tiers","duration":1,"failureMessages":[]},{"ancestorTitles":["","CoachPolicyV2","Post-utterance feedback"],"fullName":" CoachPolicyV2 Post-utterance feedback should show rise hint for low tiers without end rise","status":"passed","title":"should show rise hint for low tiers without end rise","duration":0,"failureMessages":[]},{"ancestorTitles":["","CoachPolicyV2","Post-utterance feedback"],"fullName":" CoachPolicyV2 Post-utterance feedback should show nudge for tier 3","status":"passed","title":"should show nudge for tier 3","duration":1,"failureMessages":[]},{"ancestorTitles":["","CoachPolicyV2","Post-utterance feedback"],"fullName":" CoachPolicyV2 Post-utterance feedback should show retry for low tiers with end rise","status":"passed","title":"should show retry for low tiers with end rise","duration":0,"failureMessages":[]},{"ancestorTitles":["","CoachPolicyV2","Loudness safety threshold"],"fullName":" CoachPolicyV2 Loudness safety threshold should trigger safety hint after 5 seconds of high loudness","status":"passed","title":"should trigger safety hint after 5 seconds of high loudness","duration":1,"failureMessages":[]},{"ancestorTitles":["","CoachPolicyV2","Loudness safety threshold"],"fullName":" CoachPolicyV2 Loudness safety threshold should not trigger safety hint for brief loudness spikes","status":"passed","title":"should not trigger safety hint for brief loudness spikes","duration":1,"failureMessages":[]},{"ancestorTitles":["","CoachPolicyV2","Pre-lesson briefs"],"fullName":" CoachPolicyV2 Pre-lesson briefs should provide appropriate goals for different step types","status":"passed","title":"should provide appropriate goals for different step types","duration":1,"failureMessages":[]},{"ancestorTitles":["","CoachPolicyV2","Empty/edge cases"],"fullName":" CoachPolicyV2 Empty/edge cases should return no hints for empty history","status":"passed","title":"should return no hints for empty history","duration":0,"failureMessages":[]},{"ancestorTitles":["","CoachPolicyV2","Empty/edge cases"],"fullName":" CoachPolicyV2 Empty/edge cases should return no hints for unvoiced frames","status":"passed","title":"should return no hints for unvoiced frames","duration":1,"failureMessages":[]}],"startTime":1758073749149,"endTime":1758073749167,"status":"passed","message":"","name":"/workspace/resonai/tests/unit/coach.policy.spec.ts"},{"assertionResults":[{"ancestorTitles":["","computeExpressiveness"],"fullName":" computeExpressiveness returns zero expressiveness for empty series","status":"passed","title":"returns zero expressiveness for empty series","duration":2,"failureMessages":[]},{"ancestorTitles":["","computeExpressiveness"],"fullName":" computeExpressiveness returns zero expressiveness for constant pitch","status":"passed","title":"returns zero expressiveness for constant pitch","duration":1,"failureMessages":[]},{"ancestorTitles":["","computeExpressiveness"],"fullName":" computeExpressiveness returns higher expressiveness for larger pitch variability","status":"passed","title":"returns higher expressiveness for larger pitch variability","duration":0,"failureMessages":[]},{"ancestorTitles":["","computeExpressiveness"],"fullName":" computeExpressiveness penalizes insufficient samples","status":"passed","title":"penalizes insufficient samples","duration":1,"failureMessages":[]},{"ancestorTitles":["","computeExpressiveness"],"fullName":" computeExpressiveness respects custom reference spread","status":"passed","title":"respects custom reference spread","duration":0,"failureMessages":[]},{"ancestorTitles":["","computeExpressiveness"],"fullName":" computeExpressiveness returns valid metadata","status":"passed","title":"returns valid metadata","duration":1,"failureMessages":[]},{"ancestorTitles":["","computeExpressiveness"],"fullName":" computeExpressiveness handles single sample","status":"passed","title":"handles single sample","duration":0,"failureMessages":[]},{"ancestorTitles":["","computeExpressiveness"],"fullName":" computeExpressiveness handles two samples","status":"passed","title":"handles two samples","duration":1,"failureMessages":[]},{"ancestorTitles":["","computeExpressiveness"],"fullName":" computeExpressiveness computes IQR correctly","status":"passed","title":"computes IQR correctly","duration":0,"failureMessages":[]},{"ancestorTitles":["","computeExpressiveness"],"fullName":" computeExpressiveness score01 is normalized to 0-1 range","status":"passed","title":"score01 is normalized to 0-1 range","duration":0,"failureMessages":[]},{"ancestorTitles":["","computeExpressiveness"],"fullName":" computeExpressiveness detrended calculation removes mean bias","status":"passed","title":"detrended calculation removes mean bias","duration":1,"failureMessages":[]}],"startTime":1758073751765,"endTime":1758073751772,"status":"passed","message":"","name":"/workspace/resonai/tests/unit/expressiveness.spec.ts"},{"assertionResults":[{"ancestorTitles":["","lpcEstimator"],"fullName":" lpcEstimator returns nulls for empty input","status":"passed","title":"returns nulls for empty input","duration":6,"failureMessages":[]},{"ancestorTitles":["","lpcEstimator"],"fullName":" lpcEstimator produces plausible buckets","status":"passed","title":"produces plausible buckets","duration":7,"failureMessages":[]}],"startTime":1758073761635,"endTime":1758073761648,"status":"passed","message":"","name":"/workspace/resonai/tests/unit/lpcEstimator.spec.ts"},{"assertionResults":[{"ancestorTitles":["","practice progress reducer"],"fullName":" practice progress reducer resets progress to zero with reset action","status":"passed","title":"resets progress to zero with reset action","duration":6,"failureMessages":[]},{"ancestorTitles":["","practice progress reducer"],"fullName":" practice progress reducer updates progress with bounded steps","status":"passed","title":"updates progress with bounded steps","duration":1,"failureMessages":[]}],"startTime":1758073761573,"endTime":1758073761580,"status":"passed","message":"","name":"/workspace/resonai/tests/unit/progress.reducer.spec.ts"},{"assertionResults":[{"ancestorTitles":["","hzToCentsRelative"],"fullName":" hzToCentsRelative converts Hz to cents relative to reference","status":"passed","title":"converts Hz to cents relative to reference","duration":3,"failureMessages":[]},{"ancestorTitles":["","hzToCentsRelative"],"fullName":" hzToCentsRelative handles edge cases gracefully","status":"passed","title":"handles edge cases gracefully","duration":1,"failureMessages":[]},{"ancestorTitles":["","median"],"fullName":" median calculates median for odd length arrays","status":"passed","title":"calculates median for odd length arrays","duration":0,"failureMessages":[]},{"ancestorTitles":["","median"],"fullName":" median calculates median for even length arrays","status":"passed","title":"calculates median for even length arrays","duration":1,"failureMessages":[]},{"ancestorTitles":["","median"],"fullName":" median handles empty arrays","status":"passed","title":"handles empty arrays","duration":0,"failureMessages":[]},{"ancestorTitles":["","median"],"fullName":" median handles single element arrays","status":"passed","title":"handles single element arrays","duration":0,"failureMessages":[]},{"ancestorTitles":["","ema"],"fullName":" ema applies exponential moving average","status":"passed","title":"applies exponential moving average","duration":1,"failureMessages":[]},{"ancestorTitles":["","ema"],"fullName":" ema handles empty arrays","status":"passed","title":"handles empty arrays","duration":7,"failureMessages":[]},{"ancestorTitles":["","ema"],"fullName":" ema handles alpha = 1 (no smoothing)","status":"passed","title":"handles alpha = 1 (no smoothing)","duration":1,"failureMessages":[]},{"ancestorTitles":["","ema"],"fullName":" ema handles alpha = 0 (no change)","status":"passed","title":"handles alpha = 0 (no change)","duration":1,"failureMessages":[]},{"ancestorTitles":["","slopePerSecond"],"fullName":" slopePerSecond calculates slope for linear relationship","status":"passed","title":"calculates slope for linear relationship","duration":1,"failureMessages":[]},{"ancestorTitles":["","slopePerSecond"],"fullName":" slopePerSecond calculates negative slope","status":"passed","title":"calculates negative slope","duration":1,"failureMessages":[]},{"ancestorTitles":["","slopePerSecond"],"fullName":" slopePerSecond handles insufficient data","status":"passed","title":"handles insufficient data","duration":0,"failureMessages":[]},{"ancestorTitles":["","windowVoiced"],"fullName":" windowVoiced extracts voiced frames within window","status":"passed","title":"extracts voiced frames within window","duration":4,"failureMessages":[]},{"ancestorTitles":["","windowVoiced"],"fullName":" windowVoiced handles empty frames","status":"passed","title":"handles empty frames","duration":1,"failureMessages":[]},{"ancestorTitles":["","windowVoiced"],"fullName":" windowVoiced filters out unvoiced frames","status":"passed","title":"filters out unvoiced frames","duration":0,"failureMessages":[]},{"ancestorTitles":["","voicedDurationMs"],"fullName":" voicedDurationMs calculates duration from frame deltas","status":"passed","title":"calculates duration from frame deltas","duration":1,"failureMessages":[]},{"ancestorTitles":["","voicedDurationMs"],"fullName":" voicedDurationMs handles single frame","status":"passed","title":"handles single frame","duration":0,"failureMessages":[]},{"ancestorTitles":["","voicedDurationMs"],"fullName":" voicedDurationMs handles empty frames","status":"passed","title":"handles empty frames","duration":1,"failureMessages":[]},{"ancestorTitles":["","classifyProsody"],"fullName":" classifyProsody detects rising contour over ~400 ms","status":"passed","title":"detects rising contour over ~400 ms","duration":2,"failureMessages":[]},{"ancestorTitles":["","classifyProsody"],"fullName":" classifyProsody detects falling contour over ~400 ms","status":"passed","title":"detects falling contour over ~400 ms","duration":1,"failureMessages":[]},{"ancestorTitles":["","classifyProsody"],"fullName":" classifyProsody is flat on near-constant pitch with small noise","status":"passed","title":"is flat on near-constant pitch with small noise","duration":1,"failureMessages":[]},{"ancestorTitles":["","classifyProsody"],"fullName":" classifyProsody remains flat (insufficient) if voiced segment too short","status":"passed","title":"remains flat (insufficient) if voiced segment too short","duration":1,"failureMessages":[]},{"ancestorTitles":["","classifyProsody"],"fullName":" classifyProsody handles null (unvoiced) frames by ignoring them","status":"passed","title":"handles null (unvoiced) frames by ignoring them","duration":2,"failureMessages":[]},{"ancestorTitles":["","classifyProsody"],"fullName":" classifyProsody slope is ~0 for constant cents series","status":"passed","title":"slope is ~0 for constant cents series","duration":1,"failureMessages":[]},{"ancestorTitles":["","classifyProsody"],"fullName":" classifyProsody handles insufficient samples","status":"passed","title":"handles insufficient samples","duration":0,"failureMessages":[]},{"ancestorTitles":["","classifyProsody"],"fullName":" classifyProsody uses EMA smoothing when alpha > 0","status":"passed","title":"uses EMA smoothing when alpha > 0","duration":2,"failureMessages":[]},{"ancestorTitles":["","classifyProsody"],"fullName":" classifyProsody respects custom thresholds","status":"passed","title":"respects custom thresholds","duration":1,"failureMessages":[]},{"ancestorTitles":["","classifyProsody"],"fullName":" classifyProsody returns proper metadata","status":"passed","title":"returns proper metadata","duration":2,"failureMessages":[]}],"startTime":1758073749169,"endTime":1758073749208,"status":"passed","message":"","name":"/workspace/resonai/tests/unit/prosody.spec.ts"},{"assertionResults":[{"ancestorTitles":["","sessionProgressAnnouncementReducer"],"fullName":" sessionProgressAnnouncementReducer updates message when progress is recorded","status":"passed","title":"updates message when progress is recorded","duration":3,"failureMessages":[]},{"ancestorTitles":["","sessionProgressAnnouncementReducer"],"fullName":" sessionProgressAnnouncementReducer resets message with announcement prefix","status":"passed","title":"resets message with announcement prefix","duration":1,"failureMessages":[]},{"ancestorTitles":["","session progress reset events"],"fullName":" session progress reset events creates a reset event with detail payload","status":"passed","title":"creates a reset event with detail payload","duration":1,"failureMessages":[]},{"ancestorTitles":["","session progress reset events"],"fullName":" session progress reset events dispatches reset events to window listeners","status":"passed","title":"dispatches reset events to window listeners","duration":3,"failureMessages":[]}],"startTime":1758073758438,"endTime":1758073758446,"status":"passed","message":"","name":"/workspace/resonai/tests/unit/sessionProgressReset.spec.ts"},{"assertionResults":[{"ancestorTitles":["","strain guardrails"],"fullName":" strain guardrails recommends rest after continuous speaking threshold","status":"passed","title":"recommends rest after continuous speaking threshold","duration":3,"failureMessages":[]},{"ancestorTitles":["","strain guardrails"],"fullName":" strain guardrails recommends lower intensity after daily budget exceeded","status":"passed","title":"recommends lower intensity after daily budget exceeded","duration":3,"failureMessages":[]},{"ancestorTitles":["","strain guardrails"],"fullName":" strain guardrails decays continuous counter when resting (off-mic)","status":"passed","title":"decays continuous counter when resting (off-mic)","duration":1,"failureMessages":[]}],"startTime":1758073759655,"endTime":1758073759662,"status":"passed","message":"","name":"/workspace/resonai/tests/unit/strain.spec.ts"},{"assertionResults":[{"ancestorTitles":["","yinEstimateF0"],"fullName":" yinEstimateF0 estimates near the target for a pure sine","status":"passed","title":"estimates near the target for a pure sine","duration":94,"failureMessages":[]},{"ancestorTitles":["","yinEstimateF0"],"fullName":" yinEstimateF0 returns null on invalid input","status":"passed","title":"returns null on invalid input","duration":0,"failureMessages":[]}],"startTime":1758073762494,"endTime":1758073762589,"status":"passed","message":"","name":"/workspace/resonai/tests/unit/yin.spec.ts"},{"assertionResults":[],"startTime":1758073746393,"endTime":1758073746393,"status":"failed","message":"Failed to resolve import \"onnxruntime-web\" from \"audio/detectors/CrepeTinyDetector.ts\". Does the file exist?","name":"/workspace/resonai/tests/unit/audio/crepe-detector.spec.ts"},{"assertionResults":[{"ancestorTitles":["","MicCalibrationFlow - Basic Functionality"],"fullName":" MicCalibrationFlow - Basic Functionality renders the initial device selection step","status":"passed","title":"renders the initial device selection step","duration":81,"failureMessages":[]},{"ancestorTitles":["","MicCalibrationFlow - Basic Functionality"],"fullName":" MicCalibrationFlow - Basic Functionality calls onCancel when cancel button is clicked","status":"passed","title":"calls onCancel when cancel button is clicked","duration":76,"failureMessages":[]},{"ancestorTitles":["","MicCalibrationFlow - Basic Functionality"],"fullName":" MicCalibrationFlow - Basic Functionality shows error when no audio devices are available","status":"passed","title":"shows error when no audio devices are available","duration":180,"failureMessages":[]},{"ancestorTitles":["","MicCalibrationFlow - Basic Functionality"],"fullName":" MicCalibrationFlow - Basic Functionality disables test button when no device is selected","status":"passed","title":"disables test button when no device is selected","duration":16,"failureMessages":[]},{"ancestorTitles":["","MicCalibrationFlow - Basic Functionality"],"fullName":" MicCalibrationFlow - Basic Functionality shows device options when devices are available","status":"passed","title":"shows device options when devices are available","duration":28,"failureMessages":[]}],"startTime":1758073755052,"endTime":1758073755433,"status":"passed","message":"","name":"/workspace/resonai/tests/unit/components/MicCalibrationFlow.simple.spec.tsx"},{"assertionResults":[{"ancestorTitles":["","MicCalibrationFlow"],"fullName":" MicCalibrationFlow renders device selection step initially","status":"failed","title":"renders device selection step initially","duration":1617,"failureMessages":["Unable to find an element with the display value: Built-in Microphone.\n\nIgnored nodes: comments, script, style\n\u001b[36m<body>\u001b[39m\n  \u001b[36m<div>\u001b[39m\n    \u001b[36m<div\u001b[39m\n      \u001b[33maria-labelledby\u001b[39m=\u001b[32m\"calibration-title\"\u001b[39m\n      \u001b[33mclass\u001b[39m=\u001b[32m\"panel col gap-8\"\u001b[39m\n      \u001b[33mrole\u001b[39m=\u001b[32m\"dialog\"\u001b[39m\n    \u001b[36m>\u001b[39m\n      \u001b[36m<h2\u001b[39m\n        \u001b[33mid\u001b[39m=\u001b[32m\"calibration-title\"\u001b[39m\n      \u001b[36m>\u001b[39m\n        \u001b[0mStep 1: Select Microphone\u001b[0m\n      \u001b[36m</h2>\u001b[39m\n      \u001b[36m<div\u001b[39m\n        \u001b[33mclass\u001b[39m=\u001b[32m\"col gap-6\"\u001b[39m\n      \u001b[36m>\u001b[39m\n        \u001b[36m<label\u001b[39m\n          \u001b[33mclass\u001b[39m=\u001b[32m\"col gap-2\"\u001b[39m\n        \u001b[36m>\u001b[39m\n          \u001b[36m<span>\u001b[39m\n            \u001b[0mChoose your microphone:\u001b[0m\n          \u001b[36m</span>\u001b[39m\n          \u001b[36m<select\u001b[39m\n            \u001b[33maria-label\u001b[39m=\u001b[32m\"Microphone selection\"\u001b[39m\n            \u001b[33mclass\u001b[39m=\u001b[32m\"select-input\"\u001b[39m\n          \u001b[36m>\u001b[39m\n            \u001b[36m<option\u001b[39m\n              \u001b[33mvalue\u001b[39m=\u001b[32m\"\"\u001b[39m\n            \u001b[36m>\u001b[39m\n              \u001b[0mSystem default\u001b[0m\n            \u001b[36m</option>\u001b[39m\n            \u001b[36m<option\u001b[39m\n              \u001b[33mvalue\u001b[39m=\u001b[32m\"device1\"\u001b[39m\n            \u001b[36m>\u001b[39m\n              \u001b[0mUSB Microphone\u001b[0m\n            \u001b[36m</option>\u001b[39m\n            \u001b[36m<option\u001b[39m\n              \u001b[33mvalue\u001b[39m=\u001b[32m\"device2\"\u001b[39m\n            \u001b[36m>\u001b[39m\n              \u001b[0mBuilt-in Microphone\u001b[0m\n            \u001b[36m</option>\u001b[39m\n          \u001b[36m</select>\u001b[39m\n        \u001b[36m</label>\u001b[39m\n        \u001b[36m<p\u001b[39m\n          \u001b[33mclass\u001b[39m=\u001b[32m\"text-muted text-sm\"\u001b[39m\n        \u001b[36m>\u001b[39m\n          \u001b[0mTip: Choose a USB microphone if available for steadier pitch tracking.\u001b[0m\n        \u001b[36m</p>\u001b[39m\n      \u001b[36m</div>\u001b[39m\n      \u001b[36m<div\u001b[39m\n        \u001b[33mclass\u001b[39m=\u001b[32m\"row gap-6 justify-end\"\u001b[39m\n      \u001b[36m>\u001b[39m\n        \u001b[36m<button\u001b[39m\n          \u001b[33mclass\u001b[39m=\u001b[32m\"button button--secondary\"\u001b[39m\n        \u001b[36m>\u001b[39m\n          \u001b[0mCancel\u001b[0m\n        \u001b[36m</button>\u001b[39m\n        \u001b[36m<button\u001b[39m\n          \u001b[33mclass\u001b[39m=\u001b[32m\"button\"\u001b[39m\n        \u001b[36m>\u001b[39m\n          \u001b[0mTest Microphone\u001b[0m\n        \u001b[36m</button>\u001b[39m\n      \u001b[36m</div>\u001b[39m\n    \u001b[36m</div>\u001b[39m\n  \u001b[36m</div>\u001b[39m\n\u001b[36m</body>\u001b[39m\n\nIgnored nodes: comments, script, style\n\u001b[36m<html>\u001b[39m\n  \u001b[36m<head />\u001b[39m\n  \u001b[36m<body>\u001b[39m\n    \u001b[36m<div>\u001b[39m\n      \u001b[36m<div\u001b[39m\n        \u001b[33maria-labelledby\u001b[39m=\u001b[32m\"calibration-title\"\u001b[39m\n        \u001b[33mclass\u001b[39m=\u001b[32m\"panel col gap-8\"\u001b[39m\n        \u001b[33mrole\u001b[39m=\u001b[32m\"dialog\"\u001b[39m\n      \u001b[36m>\u001b[39m\n        \u001b[36m<h2\u001b[39m\n          \u001b[33mid\u001b[39m=\u001b[32m\"calibration-title\"\u001b[39m\n        \u001b[36m>\u001b[39m\n          \u001b[0mStep 1: Select Microphone\u001b[0m\n        \u001b[36m</h2>\u001b[39m\n        \u001b[36m<div\u001b[39m\n          \u001b[33mclass\u001b[39m=\u001b[32m\"col gap-6\"\u001b[39m\n        \u001b[36m>\u001b[39m\n          \u001b[36m<label\u001b[39m\n            \u001b[33mclass\u001b[39m=\u001b[32m\"col gap-2\"\u001b[39m\n          \u001b[36m>\u001b[39m\n            \u001b[36m<span>\u001b[39m\n              \u001b[0mChoose your microphone:\u001b[0m\n            \u001b[36m</span>\u001b[39m\n            \u001b[36m<select\u001b[39m\n              \u001b[33maria-label\u001b[39m=\u001b[32m\"Microphone selection\"\u001b[39m\n              \u001b[33mclass\u001b[39m=\u001b[32m\"select-input\"\u001b[39m\n            \u001b[36m>\u001b[39m\n              \u001b[36m<option\u001b[39m\n                \u001b[33mvalue\u001b[39m=\u001b[32m\"\"\u001b[39m\n              \u001b[36m>\u001b[39m\n                \u001b[0mSystem default\u001b[0m\n              \u001b[36m</option>\u001b[39m\n              \u001b[36m<option\u001b[39m\n                \u001b[33mvalue\u001b[39m=\u001b[32m\"device1\"\u001b[39m\n              \u001b[36m>\u001b[39m\n                \u001b[0mUSB Microphone\u001b[0m\n              \u001b[36m</option>\u001b[39m\n              \u001b[36m<option\u001b[39m\n                \u001b[33mvalue\u001b[39m=\u001b[32m\"device2\"\u001b[39m\n              \u001b[36m>\u001b[39m\n                \u001b[0mBuilt-in Microphone\u001b[0m\n              \u001b[36m</option>\u001b[39m\n            \u001b[36m</select>\u001b[39m\n          \u001b[36m</label>\u001b[39m\n          \u001b[36m<p\u001b[39m\n            \u001b[33mclass\u001b[39m=\u001b[32m\"text-muted text-sm\"\u001b[39m\n          \u001b[36m>\u001b[39m\n            \u001b[0mTip: Choose a USB microphone if available for steadier pitch tracking.\u001b[0m\n          \u001b[36m</p>\u001b[39m\n        \u001b[36m</div>\u001b[39m\n        \u001b[36m<div\u001b[39m\n          \u001b[33mclass\u001b[39m=\u001b[32m\"row gap-6 justify-end\"\u001b[39m\n        \u001b[36m>\u001b[39m\n          \u001b[36m<button\u001b[39m\n            \u001b[33mclass\u001b[39m=\u001b[32m\"button button--secondary\"\u001b[39m\n          \u001b[36m>\u001b[39m\n            \u001b[0mCancel\u001b[0m\n          \u001b[36m</button>\u001b[39m\n          \u001b[36m<button\u001b[39m\n            \u001b[33mclass\u001b[39m=\u001b[32m\"button\"\u001b[39m\n          \u001b[36m>\u001b[39m\n            \u001b[0mTest Microphone\u001b[0m\n          \u001b[36m</button>\u001b[39m\n        \u001b[36m</div>\u001b[39m\n      \u001b[36m</div>\u001b[39m\n    \u001b[36m</div>\u001b[39m\n  \u001b[36m</body>\u001b[39m\n\u001b[36m</html>\u001b[39m"],"location":{"line":163,"column":27}},{"ancestorTitles":["","MicCalibrationFlow"],"fullName":" MicCalibrationFlow shows error when no devices are available","status":"passed","title":"shows error when no devices are available","duration":60,"failureMessages":[]},{"ancestorTitles":["","MicCalibrationFlow"],"fullName":" MicCalibrationFlow auto-selects first device when none selected","status":"passed","title":"auto-selects first device when none selected","duration":40,"failureMessages":[]},{"ancestorTitles":["","MicCalibrationFlow"],"fullName":" MicCalibrationFlow enables test button when device is selected","status":"passed","title":"enables test button when device is selected","duration":29,"failureMessages":[]},{"ancestorTitles":["","MicCalibrationFlow"],"fullName":" MicCalibrationFlow disables test button when no device is selected","status":"passed","title":"disables test button when no device is selected","duration":7,"failureMessages":[]},{"ancestorTitles":["","MicCalibrationFlow"],"fullName":" MicCalibrationFlow proceeds to level calibration when test microphone is clicked","status":"passed","title":"proceeds to level calibration when test microphone is clicked","duration":53,"failureMessages":[]},{"ancestorTitles":["","MicCalibrationFlow"],"fullName":" MicCalibrationFlow shows error when getUserMedia fails","status":"failed","title":"shows error when getUserMedia fails","duration":1047,"failureMessages":["Unable to find an element with the text: /Could not access microphone/. This could be because the text is broken up by multiple elements. In this case, you can provide a function for your text matcher to make your matcher more flexible.\n\nIgnored nodes: comments, script, style\n\u001b[36m<body>\u001b[39m\n  \u001b[36m<div>\u001b[39m\n    \u001b[36m<div\u001b[39m\n      \u001b[33maria-labelledby\u001b[39m=\u001b[32m\"calibration-title\"\u001b[39m\n      \u001b[33mclass\u001b[39m=\u001b[32m\"panel col gap-8\"\u001b[39m\n      \u001b[33mrole\u001b[39m=\u001b[32m\"dialog\"\u001b[39m\n    \u001b[36m>\u001b[39m\n      \u001b[36m<h2\u001b[39m\n        \u001b[33mid\u001b[39m=\u001b[32m\"calibration-title\"\u001b[39m\n      \u001b[36m>\u001b[39m\n        \u001b[0mStep 1: Select Microphone\u001b[0m\n      \u001b[36m</h2>\u001b[39m\n      \u001b[36m<div\u001b[39m\n        \u001b[33mclass\u001b[39m=\u001b[32m\"col gap-6\"\u001b[39m\n      \u001b[36m>\u001b[39m\n        \u001b[36m<label\u001b[39m\n          \u001b[33mclass\u001b[39m=\u001b[32m\"col gap-2\"\u001b[39m\n        \u001b[36m>\u001b[39m\n          \u001b[36m<span>\u001b[39m\n            \u001b[0mChoose your microphone:\u001b[0m\n          \u001b[36m</span>\u001b[39m\n          \u001b[36m<select\u001b[39m\n            \u001b[33maria-label\u001b[39m=\u001b[32m\"Microphone selection\"\u001b[39m\n            \u001b[33mclass\u001b[39m=\u001b[32m\"select-input\"\u001b[39m\n          \u001b[36m>\u001b[39m\n            \u001b[36m<option\u001b[39m\n              \u001b[33mvalue\u001b[39m=\u001b[32m\"\"\u001b[39m\n            \u001b[36m>\u001b[39m\n              \u001b[0mSystem default\u001b[0m\n            \u001b[36m</option>\u001b[39m\n            \u001b[36m<option\u001b[39m\n              \u001b[33mvalue\u001b[39m=\u001b[32m\"device1\"\u001b[39m\n            \u001b[36m>\u001b[39m\n              \u001b[0mUSB Microphone\u001b[0m\n            \u001b[36m</option>\u001b[39m\n            \u001b[36m<option\u001b[39m\n              \u001b[33mvalue\u001b[39m=\u001b[32m\"device2\"\u001b[39m\n            \u001b[36m>\u001b[39m\n              \u001b[0mBuilt-in Microphone\u001b[0m\n            \u001b[36m</option>\u001b[39m\n          \u001b[36m</select>\u001b[39m\n        \u001b[36m</label>\u001b[39m\n        \u001b[36m<p\u001b[39m\n          \u001b[33mclass\u001b[39m=\u001b[32m\"text-muted text-sm\"\u001b[39m\n        \u001b[36m>\u001b[39m\n          \u001b[0mTip: Choose a USB microphone if available for steadier pitch tracking.\u001b[0m\n        \u001b[36m</p>\u001b[39m\n      \u001b[36m</div>\u001b[39m\n      \u001b[36m<div\u001b[39m\n        \u001b[33mclass\u001b[39m=\u001b[32m\"row gap-6 justify-end\"\u001b[39m\n      \u001b[36m>\u001b[39m\n        \u001b[36m<button\u001b[39m\n          \u001b[33mclass\u001b[39m=\u001b[32m\"button button--secondary\"\u001b[39m\n        \u001b[36m>\u001b[39m\n          \u001b[0mCancel\u001b[0m\n        \u001b[36m</button>\u001b[39m\n        \u001b[36m<button\u001b[39m\n          \u001b[33mclass\u001b[39m=\u001b[32m\"button\"\u001b[39m\n        \u001b[36m>\u001b[39m\n          \u001b[0mTest Microphone\u001b[0m\n        \u001b[36m</button>\u001b[39m\n      \u001b[36m</div>\u001b[39m\n    \u001b[36m</div>\u001b[39m\n  \u001b[36m</div>\u001b[39m\n\u001b[36m</body>\u001b[39m\n\nIgnored nodes: comments, script, style\n\u001b[36m<html>\u001b[39m\n  \u001b[36m<head />\u001b[39m\n  \u001b[36m<body>\u001b[39m\n    \u001b[36m<div>\u001b[39m\n      \u001b[36m<div\u001b[39m\n        \u001b[33maria-labelledby\u001b[39m=\u001b[32m\"calibration-title\"\u001b[39m\n        \u001b[33mclass\u001b[39m=\u001b[32m\"panel col gap-8\"\u001b[39m\n        \u001b[33mrole\u001b[39m=\u001b[32m\"dialog\"\u001b[39m\n      \u001b[36m>\u001b[39m\n        \u001b[36m<h2\u001b[39m\n          \u001b[33mid\u001b[39m=\u001b[32m\"calibration-title\"\u001b[39m\n        \u001b[36m>\u001b[39m\n          \u001b[0mStep 1: Select Microphone\u001b[0m\n        \u001b[36m</h2>\u001b[39m\n        \u001b[36m<div\u001b[39m\n          \u001b[33mclass\u001b[39m=\u001b[32m\"col gap-6\"\u001b[39m\n        \u001b[36m>\u001b[39m\n          \u001b[36m<label\u001b[39m\n            \u001b[33mclass\u001b[39m=\u001b[32m\"col gap-2\"\u001b[39m\n          \u001b[36m>\u001b[39m\n            \u001b[36m<span>\u001b[39m\n              \u001b[0mChoose your microphone:\u001b[0m\n            \u001b[36m</span>\u001b[39m\n            \u001b[36m<select\u001b[39m\n              \u001b[33maria-label\u001b[39m=\u001b[32m\"Microphone selection\"\u001b[39m\n              \u001b[33mclass\u001b[39m=\u001b[32m\"select-input\"\u001b[39m\n            \u001b[36m>\u001b[39m\n              \u001b[36m<option\u001b[39m\n                \u001b[33mvalue\u001b[39m=\u001b[32m\"\"\u001b[39m\n              \u001b[36m>\u001b[39m\n                \u001b[0mSystem default\u001b[0m\n              \u001b[36m</option>\u001b[39m\n              \u001b[36m<option\u001b[39m\n                \u001b[33mvalue\u001b[39m=\u001b[32m\"device1\"\u001b[39m\n              \u001b[36m>\u001b[39m\n                \u001b[0mUSB Microphone\u001b[0m\n              \u001b[36m</option>\u001b[39m\n              \u001b[36m<option\u001b[39m\n                \u001b[33mvalue\u001b[39m=\u001b[32m\"device2\"\u001b[39m\n              \u001b[36m>\u001b[39m\n                \u001b[0mBuilt-in Microphone\u001b[0m\n              \u001b[36m</option>\u001b[39m\n            \u001b[36m</select>\u001b[39m\n          \u001b[36m</label>\u001b[39m\n          \u001b[36m<p\u001b[39m\n            \u001b[33mclass\u001b[39m=\u001b[32m\"text-muted text-sm\"\u001b[39m\n          \u001b[36m>\u001b[39m\n            \u001b[0mTip: Choose a USB microphone if available for steadier pitch tracking.\u001b[0m\n          \u001b[36m</p>\u001b[39m\n        \u001b[36m</div>\u001b[39m\n        \u001b[36m<div\u001b[39m\n          \u001b[33mclass\u001b[39m=\u001b[32m\"row gap-6 justify-end\"\u001b[39m\n        \u001b[36m>\u001b[39m\n          \u001b[36m<button\u001b[39m\n            \u001b[33mclass\u001b[39m=\u001b[32m\"button button--secondary\"\u001b[39m\n          \u001b[36m>\u001b[39m\n            \u001b[0mCancel\u001b[0m\n          \u001b[36m</button>\u001b[39m\n          \u001b[36m<button\u001b[39m\n            \u001b[33mclass\u001b[39m=\u001b[32m\"button\"\u001b[39m\n          \u001b[36m>\u001b[39m\n            \u001b[0mTest Microphone\u001b[0m\n          \u001b[36m</button>\u001b[39m\n        \u001b[36m</div>\u001b[39m\n      \u001b[36m</div>\u001b[39m\n    \u001b[36m</div>\u001b[39m\n  \u001b[36m</body>\u001b[39m\n\u001b[36m</html>\u001b[39m"],"location":{"line":163,"column":27}},{"ancestorTitles":["","MicCalibrationFlow"],"fullName":" MicCalibrationFlow proceeds to environment test when continue is clicked","status":"failed","title":"proceeds to environment test when continue is clicked","duration":1115,"failureMessages":["Unable to find an element with the text: Continue. This could be because the text is broken up by multiple elements. In this case, you can provide a function for your text matcher to make your matcher more flexible.\n\nIgnored nodes: comments, script, style\n\u001b[36m<body>\u001b[39m\n  \u001b[36m<div>\u001b[39m\n    \u001b[36m<div\u001b[39m\n      \u001b[33maria-labelledby\u001b[39m=\u001b[32m\"calibration-title\"\u001b[39m\n      \u001b[33mclass\u001b[39m=\u001b[32m\"panel col gap-8\"\u001b[39m\n      \u001b[33mrole\u001b[39m=\u001b[32m\"dialog\"\u001b[39m\n    \u001b[36m>\u001b[39m\n      \u001b[36m<h2\u001b[39m\n        \u001b[33mid\u001b[39m=\u001b[32m\"calibration-title\"\u001b[39m\n      \u001b[36m>\u001b[39m\n        \u001b[0mStep 1: Select Microphone\u001b[0m\n      \u001b[36m</h2>\u001b[39m\n      \u001b[36m<div\u001b[39m\n        \u001b[33mclass\u001b[39m=\u001b[32m\"col gap-6\"\u001b[39m\n      \u001b[36m>\u001b[39m\n        \u001b[36m<label\u001b[39m\n          \u001b[33mclass\u001b[39m=\u001b[32m\"col gap-2\"\u001b[39m\n        \u001b[36m>\u001b[39m\n          \u001b[36m<span>\u001b[39m\n            \u001b[0mChoose your microphone:\u001b[0m\n          \u001b[36m</span>\u001b[39m\n          \u001b[36m<select\u001b[39m\n            \u001b[33maria-label\u001b[39m=\u001b[32m\"Microphone selection\"\u001b[39m\n            \u001b[33mclass\u001b[39m=\u001b[32m\"select-input\"\u001b[39m\n          \u001b[36m>\u001b[39m\n            \u001b[36m<option\u001b[39m\n              \u001b[33mvalue\u001b[39m=\u001b[32m\"\"\u001b[39m\n            \u001b[36m>\u001b[39m\n              \u001b[0mSystem default\u001b[0m\n            \u001b[36m</option>\u001b[39m\n            \u001b[36m<option\u001b[39m\n              \u001b[33mvalue\u001b[39m=\u001b[32m\"device1\"\u001b[39m\n            \u001b[36m>\u001b[39m\n              \u001b[0mUSB Microphone\u001b[0m\n            \u001b[36m</option>\u001b[39m\n            \u001b[36m<option\u001b[39m\n              \u001b[33mvalue\u001b[39m=\u001b[32m\"device2\"\u001b[39m\n            \u001b[36m>\u001b[39m\n              \u001b[0mBuilt-in Microphone\u001b[0m\n            \u001b[36m</option>\u001b[39m\n          \u001b[36m</select>\u001b[39m\n        \u001b[36m</label>\u001b[39m\n        \u001b[36m<p\u001b[39m\n          \u001b[33mclass\u001b[39m=\u001b[32m\"text-muted text-sm\"\u001b[39m\n        \u001b[36m>\u001b[39m\n          \u001b[0mTip: Choose a USB microphone if available for steadier pitch tracking.\u001b[0m\n        \u001b[36m</p>\u001b[39m\n      \u001b[36m</div>\u001b[39m\n      \u001b[36m<div\u001b[39m\n        \u001b[33mclass\u001b[39m=\u001b[32m\"row gap-6 justify-end\"\u001b[39m\n      \u001b[36m>\u001b[39m\n        \u001b[36m<button\u001b[39m\n          \u001b[33mclass\u001b[39m=\u001b[32m\"button button--secondary\"\u001b[39m\n        \u001b[36m>\u001b[39m\n          \u001b[0mCancel\u001b[0m\n        \u001b[36m</button>\u001b[39m\n        \u001b[36m<button\u001b[39m\n          \u001b[33mclass\u001b[39m=\u001b[32m\"button\"\u001b[39m\n        \u001b[36m>\u001b[39m\n          \u001b[0mTest Microphone\u001b[0m\n        \u001b[36m</button>\u001b[39m\n      \u001b[36m</div>\u001b[39m\n    \u001b[36m</div>\u001b[39m\n  \u001b[36m</div>\u001b[39m\n\u001b[36m</body>\u001b[39m\n\nIgnored nodes: comments, script, style\n\u001b[36m<html>\u001b[39m\n  \u001b[36m<head />\u001b[39m\n  \u001b[36m<body>\u001b[39m\n    \u001b[36m<div>\u001b[39m\n      \u001b[36m<div\u001b[39m\n        \u001b[33maria-labelledby\u001b[39m=\u001b[32m\"calibration-title\"\u001b[39m\n        \u001b[33mclass\u001b[39m=\u001b[32m\"panel col gap-8\"\u001b[39m\n        \u001b[33mrole\u001b[39m=\u001b[32m\"dialog\"\u001b[39m\n      \u001b[36m>\u001b[39m\n        \u001b[36m<h2\u001b[39m\n          \u001b[33mid\u001b[39m=\u001b[32m\"calibration-title\"\u001b[39m\n        \u001b[36m>\u001b[39m\n          \u001b[0mStep 1: Select Microphone\u001b[0m\n        \u001b[36m</h2>\u001b[39m\n        \u001b[36m<div\u001b[39m\n          \u001b[33mclass\u001b[39m=\u001b[32m\"col gap-6\"\u001b[39m\n        \u001b[36m>\u001b[39m\n          \u001b[36m<label\u001b[39m\n            \u001b[33mclass\u001b[39m=\u001b[32m\"col gap-2\"\u001b[39m\n          \u001b[36m>\u001b[39m\n            \u001b[36m<span>\u001b[39m\n              \u001b[0mChoose your microphone:\u001b[0m\n            \u001b[36m</span>\u001b[39m\n            \u001b[36m<select\u001b[39m\n              \u001b[33maria-label\u001b[39m=\u001b[32m\"Microphone selection\"\u001b[39m\n              \u001b[33mclass\u001b[39m=\u001b[32m\"select-input\"\u001b[39m\n            \u001b[36m>\u001b[39m\n              \u001b[36m<option\u001b[39m\n                \u001b[33mvalue\u001b[39m=\u001b[32m\"\"\u001b[39m\n              \u001b[36m>\u001b[39m\n                \u001b[0mSystem default\u001b[0m\n              \u001b[36m</option>\u001b[39m\n              \u001b[36m<option\u001b[39m\n                \u001b[33mvalue\u001b[39m=\u001b[32m\"device1\"\u001b[39m\n              \u001b[36m>\u001b[39m\n                \u001b[0mUSB Microphone\u001b[0m\n              \u001b[36m</option>\u001b[39m\n              \u001b[36m<option\u001b[39m\n                \u001b[33mvalue\u001b[39m=\u001b[32m\"device2\"\u001b[39m\n              \u001b[36m>\u001b[39m\n                \u001b[0mBuilt-in Microphone\u001b[0m\n              \u001b[36m</option>\u001b[39m\n            \u001b[36m</select>\u001b[39m\n          \u001b[36m</label>\u001b[39m\n          \u001b[36m<p\u001b[39m\n            \u001b[33mclass\u001b[39m=\u001b[32m\"text-muted text-sm\"\u001b[39m\n          \u001b[36m>\u001b[39m\n            \u001b[0mTip: Choose a USB microphone if available for steadier pitch tracking.\u001b[0m\n          \u001b[36m</p>\u001b[39m\n        \u001b[36m</div>\u001b[39m\n        \u001b[36m<div\u001b[39m\n          \u001b[33mclass\u001b[39m=\u001b[32m\"row gap-6 justify-end\"\u001b[39m\n        \u001b[36m>\u001b[39m\n          \u001b[36m<button\u001b[39m\n            \u001b[33mclass\u001b[39m=\u001b[32m\"button button--secondary\"\u001b[39m\n          \u001b[36m>\u001b[39m\n            \u001b[0mCancel\u001b[0m\n          \u001b[36m</button>\u001b[39m\n          \u001b[36m<button\u001b[39m\n            \u001b[33mclass\u001b[39m=\u001b[32m\"button\"\u001b[39m\n          \u001b[36m>\u001b[39m\n            \u001b[0mTest Microphone\u001b[0m\n          \u001b[36m</button>\u001b[39m\n        \u001b[36m</div>\u001b[39m\n      \u001b[36m</div>\u001b[39m\n    \u001b[36m</div>\u001b[39m\n  \u001b[36m</body>\u001b[39m\n\u001b[36m</html>\u001b[39m"],"location":{"line":163,"column":27}},{"ancestorTitles":["","MicCalibrationFlow"],"fullName":" MicCalibrationFlow completes calibration and calls onComplete with config","status":"failed","title":"completes calibration and calls onComplete with config","duration":1029,"failureMessages":["Unable to find an element with the text: Continue. This could be because the text is broken up by multiple elements. In this case, you can provide a function for your text matcher to make your matcher more flexible.\n\nIgnored nodes: comments, script, style\n\u001b[36m<body>\u001b[39m\n  \u001b[36m<div>\u001b[39m\n    \u001b[36m<div\u001b[39m\n      \u001b[33maria-labelledby\u001b[39m=\u001b[32m\"calibration-title\"\u001b[39m\n      \u001b[33mclass\u001b[39m=\u001b[32m\"panel col gap-8\"\u001b[39m\n      \u001b[33mrole\u001b[39m=\u001b[32m\"dialog\"\u001b[39m\n    \u001b[36m>\u001b[39m\n      \u001b[36m<h2\u001b[39m\n        \u001b[33mid\u001b[39m=\u001b[32m\"calibration-title\"\u001b[39m\n      \u001b[36m>\u001b[39m\n        \u001b[0mStep 1: Select Microphone\u001b[0m\n      \u001b[36m</h2>\u001b[39m\n      \u001b[36m<div\u001b[39m\n        \u001b[33mclass\u001b[39m=\u001b[32m\"col gap-6\"\u001b[39m\n      \u001b[36m>\u001b[39m\n        \u001b[36m<label\u001b[39m\n          \u001b[33mclass\u001b[39m=\u001b[32m\"col gap-2\"\u001b[39m\n        \u001b[36m>\u001b[39m\n          \u001b[36m<span>\u001b[39m\n            \u001b[0mChoose your microphone:\u001b[0m\n          \u001b[36m</span>\u001b[39m\n          \u001b[36m<select\u001b[39m\n            \u001b[33maria-label\u001b[39m=\u001b[32m\"Microphone selection\"\u001b[39m\n            \u001b[33mclass\u001b[39m=\u001b[32m\"select-input\"\u001b[39m\n          \u001b[36m>\u001b[39m\n            \u001b[36m<option\u001b[39m\n              \u001b[33mvalue\u001b[39m=\u001b[32m\"\"\u001b[39m\n            \u001b[36m>\u001b[39m\n              \u001b[0mSystem default\u001b[0m\n            \u001b[36m</option>\u001b[39m\n            \u001b[36m<option\u001b[39m\n              \u001b[33mvalue\u001b[39m=\u001b[32m\"device1\"\u001b[39m\n            \u001b[36m>\u001b[39m\n              \u001b[0mUSB Microphone\u001b[0m\n            \u001b[36m</option>\u001b[39m\n            \u001b[36m<option\u001b[39m\n              \u001b[33mvalue\u001b[39m=\u001b[32m\"device2\"\u001b[39m\n            \u001b[36m>\u001b[39m\n              \u001b[0mBuilt-in Microphone\u001b[0m\n            \u001b[36m</option>\u001b[39m\n          \u001b[36m</select>\u001b[39m\n        \u001b[36m</label>\u001b[39m\n        \u001b[36m<p\u001b[39m\n          \u001b[33mclass\u001b[39m=\u001b[32m\"text-muted text-sm\"\u001b[39m\n        \u001b[36m>\u001b[39m\n          \u001b[0mTip: Choose a USB microphone if available for steadier pitch tracking.\u001b[0m\n        \u001b[36m</p>\u001b[39m\n      \u001b[36m</div>\u001b[39m\n      \u001b[36m<div\u001b[39m\n        \u001b[33mclass\u001b[39m=\u001b[32m\"row gap-6 justify-end\"\u001b[39m\n      \u001b[36m>\u001b[39m\n        \u001b[36m<button\u001b[39m\n          \u001b[33mclass\u001b[39m=\u001b[32m\"button button--secondary\"\u001b[39m\n        \u001b[36m>\u001b[39m\n          \u001b[0mCancel\u001b[0m\n        \u001b[36m</button>\u001b[39m\n        \u001b[36m<button\u001b[39m\n          \u001b[33mclass\u001b[39m=\u001b[32m\"button\"\u001b[39m\n        \u001b[36m>\u001b[39m\n          \u001b[0mTest Microphone\u001b[0m\n        \u001b[36m</button>\u001b[39m\n      \u001b[36m</div>\u001b[39m\n    \u001b[36m</div>\u001b[39m\n  \u001b[36m</div>\u001b[39m\n\u001b[36m</body>\u001b[39m\n\nIgnored nodes: comments, script, style\n\u001b[36m<html>\u001b[39m\n  \u001b[36m<head />\u001b[39m\n  \u001b[36m<body>\u001b[39m\n    \u001b[36m<div>\u001b[39m\n      \u001b[36m<div\u001b[39m\n        \u001b[33maria-labelledby\u001b[39m=\u001b[32m\"calibration-title\"\u001b[39m\n        \u001b[33mclass\u001b[39m=\u001b[32m\"panel col gap-8\"\u001b[39m\n        \u001b[33mrole\u001b[39m=\u001b[32m\"dialog\"\u001b[39m\n      \u001b[36m>\u001b[39m\n        \u001b[36m<h2\u001b[39m\n          \u001b[33mid\u001b[39m=\u001b[32m\"calibration-title\"\u001b[39m\n        \u001b[36m>\u001b[39m\n          \u001b[0mStep 1: Select Microphone\u001b[0m\n        \u001b[36m</h2>\u001b[39m\n        \u001b[36m<div\u001b[39m\n          \u001b[33mclass\u001b[39m=\u001b[32m\"col gap-6\"\u001b[39m\n        \u001b[36m>\u001b[39m\n          \u001b[36m<label\u001b[39m\n            \u001b[33mclass\u001b[39m=\u001b[32m\"col gap-2\"\u001b[39m\n          \u001b[36m>\u001b[39m\n            \u001b[36m<span>\u001b[39m\n              \u001b[0mChoose your microphone:\u001b[0m\n            \u001b[36m</span>\u001b[39m\n            \u001b[36m<select\u001b[39m\n              \u001b[33maria-label\u001b[39m=\u001b[32m\"Microphone selection\"\u001b[39m\n              \u001b[33mclass\u001b[39m=\u001b[32m\"select-input\"\u001b[39m\n            \u001b[36m>\u001b[39m\n              \u001b[36m<option\u001b[39m\n                \u001b[33mvalue\u001b[39m=\u001b[32m\"\"\u001b[39m\n              \u001b[36m>\u001b[39m\n                \u001b[0mSystem default\u001b[0m\n              \u001b[36m</option>\u001b[39m\n              \u001b[36m<option\u001b[39m\n                \u001b[33mvalue\u001b[39m=\u001b[32m\"device1\"\u001b[39m\n              \u001b[36m>\u001b[39m\n                \u001b[0mUSB Microphone\u001b[0m\n              \u001b[36m</option>\u001b[39m\n              \u001b[36m<option\u001b[39m\n                \u001b[33mvalue\u001b[39m=\u001b[32m\"device2\"\u001b[39m\n              \u001b[36m>\u001b[39m\n                \u001b[0mBuilt-in Microphone\u001b[0m\n              \u001b[36m</option>\u001b[39m\n            \u001b[36m</select>\u001b[39m\n          \u001b[36m</label>\u001b[39m\n          \u001b[36m<p\u001b[39m\n            \u001b[33mclass\u001b[39m=\u001b[32m\"text-muted text-sm\"\u001b[39m\n          \u001b[36m>\u001b[39m\n            \u001b[0mTip: Choose a USB microphone if available for steadier pitch tracking.\u001b[0m\n          \u001b[36m</p>\u001b[39m\n        \u001b[36m</div>\u001b[39m\n        \u001b[36m<div\u001b[39m\n          \u001b[33mclass\u001b[39m=\u001b[32m\"row gap-6 justify-end\"\u001b[39m\n        \u001b[36m>\u001b[39m\n          \u001b[36m<button\u001b[39m\n            \u001b[33mclass\u001b[39m=\u001b[32m\"button button--secondary\"\u001b[39m\n          \u001b[36m>\u001b[39m\n            \u001b[0mCancel\u001b[0m\n          \u001b[36m</button>\u001b[39m\n          \u001b[36m<button\u001b[39m\n            \u001b[33mclass\u001b[39m=\u001b[32m\"button\"\u001b[39m\n          \u001b[36m>\u001b[39m\n            \u001b[0mTest Microphone\u001b[0m\n          \u001b[36m</button>\u001b[39m\n        \u001b[36m</div>\u001b[39m\n      \u001b[36m</div>\u001b[39m\n    \u001b[36m</div>\u001b[39m\n  \u001b[36m</body>\u001b[39m\n\u001b[36m</html>\u001b[39m"],"location":{"line":163,"column":27}},{"ancestorTitles":["","MicCalibrationFlow"],"fullName":" MicCalibrationFlow calls onCancel when cancel button is clicked","status":"passed","title":"calls onCancel when cancel button is clicked","duration":48,"failureMessages":[]},{"ancestorTitles":["","MicCalibrationFlow"],"fullName":" MicCalibrationFlow retests microphone when retest button is clicked","status":"failed","title":"retests microphone when retest button is clicked","duration":1063,"failureMessages":["Unable to find an element with the text: Retest Mic. This could be because the text is broken up by multiple elements. In this case, you can provide a function for your text matcher to make your matcher more flexible.\n\nIgnored nodes: comments, script, style\n\u001b[36m<body>\u001b[39m\n  \u001b[36m<div>\u001b[39m\n    \u001b[36m<div\u001b[39m\n      \u001b[33maria-labelledby\u001b[39m=\u001b[32m\"calibration-title\"\u001b[39m\n      \u001b[33mclass\u001b[39m=\u001b[32m\"panel col gap-8\"\u001b[39m\n      \u001b[33mrole\u001b[39m=\u001b[32m\"dialog\"\u001b[39m\n    \u001b[36m>\u001b[39m\n      \u001b[36m<h2\u001b[39m\n        \u001b[33mid\u001b[39m=\u001b[32m\"calibration-title\"\u001b[39m\n      \u001b[36m>\u001b[39m\n        \u001b[0mStep 1: Select Microphone\u001b[0m\n      \u001b[36m</h2>\u001b[39m\n      \u001b[36m<div\u001b[39m\n        \u001b[33mclass\u001b[39m=\u001b[32m\"col gap-6\"\u001b[39m\n      \u001b[36m>\u001b[39m\n        \u001b[36m<label\u001b[39m\n          \u001b[33mclass\u001b[39m=\u001b[32m\"col gap-2\"\u001b[39m\n        \u001b[36m>\u001b[39m\n          \u001b[36m<span>\u001b[39m\n            \u001b[0mChoose your microphone:\u001b[0m\n          \u001b[36m</span>\u001b[39m\n          \u001b[36m<select\u001b[39m\n            \u001b[33maria-label\u001b[39m=\u001b[32m\"Microphone selection\"\u001b[39m\n            \u001b[33mclass\u001b[39m=\u001b[32m\"select-input\"\u001b[39m\n          \u001b[36m>\u001b[39m\n            \u001b[36m<option\u001b[39m\n              \u001b[33mvalue\u001b[39m=\u001b[32m\"\"\u001b[39m\n            \u001b[36m>\u001b[39m\n              \u001b[0mSystem default\u001b[0m\n            \u001b[36m</option>\u001b[39m\n            \u001b[36m<option\u001b[39m\n              \u001b[33mvalue\u001b[39m=\u001b[32m\"device1\"\u001b[39m\n            \u001b[36m>\u001b[39m\n              \u001b[0mUSB Microphone\u001b[0m\n            \u001b[36m</option>\u001b[39m\n            \u001b[36m<option\u001b[39m\n              \u001b[33mvalue\u001b[39m=\u001b[32m\"device2\"\u001b[39m\n            \u001b[36m>\u001b[39m\n              \u001b[0mBuilt-in Microphone\u001b[0m\n            \u001b[36m</option>\u001b[39m\n          \u001b[36m</select>\u001b[39m\n        \u001b[36m</label>\u001b[39m\n        \u001b[36m<p\u001b[39m\n          \u001b[33mclass\u001b[39m=\u001b[32m\"text-muted text-sm\"\u001b[39m\n        \u001b[36m>\u001b[39m\n          \u001b[0mTip: Choose a USB microphone if available for steadier pitch tracking.\u001b[0m\n        \u001b[36m</p>\u001b[39m\n      \u001b[36m</div>\u001b[39m\n      \u001b[36m<div\u001b[39m\n        \u001b[33mclass\u001b[39m=\u001b[32m\"row gap-6 justify-end\"\u001b[39m\n      \u001b[36m>\u001b[39m\n        \u001b[36m<button\u001b[39m\n          \u001b[33mclass\u001b[39m=\u001b[32m\"button button--secondary\"\u001b[39m\n        \u001b[36m>\u001b[39m\n          \u001b[0mCancel\u001b[0m\n        \u001b[36m</button>\u001b[39m\n        \u001b[36m<button\u001b[39m\n          \u001b[33mclass\u001b[39m=\u001b[32m\"button\"\u001b[39m\n        \u001b[36m>\u001b[39m\n          \u001b[0mTest Microphone\u001b[0m\n        \u001b[36m</button>\u001b[39m\n      \u001b[36m</div>\u001b[39m\n    \u001b[36m</div>\u001b[39m\n  \u001b[36m</div>\u001b[39m\n\u001b[36m</body>\u001b[39m\n\nIgnored nodes: comments, script, style\n\u001b[36m<html>\u001b[39m\n  \u001b[36m<head />\u001b[39m\n  \u001b[36m<body>\u001b[39m\n    \u001b[36m<div>\u001b[39m\n      \u001b[36m<div\u001b[39m\n        \u001b[33maria-labelledby\u001b[39m=\u001b[32m\"calibration-title\"\u001b[39m\n        \u001b[33mclass\u001b[39m=\u001b[32m\"panel col gap-8\"\u001b[39m\n        \u001b[33mrole\u001b[39m=\u001b[32m\"dialog\"\u001b[39m\n      \u001b[36m>\u001b[39m\n        \u001b[36m<h2\u001b[39m\n          \u001b[33mid\u001b[39m=\u001b[32m\"calibration-title\"\u001b[39m\n        \u001b[36m>\u001b[39m\n          \u001b[0mStep 1: Select Microphone\u001b[0m\n        \u001b[36m</h2>\u001b[39m\n        \u001b[36m<div\u001b[39m\n          \u001b[33mclass\u001b[39m=\u001b[32m\"col gap-6\"\u001b[39m\n        \u001b[36m>\u001b[39m\n          \u001b[36m<label\u001b[39m\n            \u001b[33mclass\u001b[39m=\u001b[32m\"col gap-2\"\u001b[39m\n          \u001b[36m>\u001b[39m\n            \u001b[36m<span>\u001b[39m\n              \u001b[0mChoose your microphone:\u001b[0m\n            \u001b[36m</span>\u001b[39m\n            \u001b[36m<select\u001b[39m\n              \u001b[33maria-label\u001b[39m=\u001b[32m\"Microphone selection\"\u001b[39m\n              \u001b[33mclass\u001b[39m=\u001b[32m\"select-input\"\u001b[39m\n            \u001b[36m>\u001b[39m\n              \u001b[36m<option\u001b[39m\n                \u001b[33mvalue\u001b[39m=\u001b[32m\"\"\u001b[39m\n              \u001b[36m>\u001b[39m\n                \u001b[0mSystem default\u001b[0m\n              \u001b[36m</option>\u001b[39m\n              \u001b[36m<option\u001b[39m\n                \u001b[33mvalue\u001b[39m=\u001b[32m\"device1\"\u001b[39m\n              \u001b[36m>\u001b[39m\n                \u001b[0mUSB Microphone\u001b[0m\n              \u001b[36m</option>\u001b[39m\n              \u001b[36m<option\u001b[39m\n                \u001b[33mvalue\u001b[39m=\u001b[32m\"device2\"\u001b[39m\n              \u001b[36m>\u001b[39m\n                \u001b[0mBuilt-in Microphone\u001b[0m\n              \u001b[36m</option>\u001b[39m\n            \u001b[36m</select>\u001b[39m\n          \u001b[36m</label>\u001b[39m\n          \u001b[36m<p\u001b[39m\n            \u001b[33mclass\u001b[39m=\u001b[32m\"text-muted text-sm\"\u001b[39m\n          \u001b[36m>\u001b[39m\n            \u001b[0mTip: Choose a USB microphone if available for steadier pitch tracking.\u001b[0m\n          \u001b[36m</p>\u001b[39m\n        \u001b[36m</div>\u001b[39m\n        \u001b[36m<div\u001b[39m\n          \u001b[33mclass\u001b[39m=\u001b[32m\"row gap-6 justify-end\"\u001b[39m\n        \u001b[36m>\u001b[39m\n          \u001b[36m<button\u001b[39m\n            \u001b[33mclass\u001b[39m=\u001b[32m\"button button--secondary\"\u001b[39m\n          \u001b[36m>\u001b[39m\n            \u001b[0mCancel\u001b[0m\n          \u001b[36m</button>\u001b[39m\n          \u001b[36m<button\u001b[39m\n            \u001b[33mclass\u001b[39m=\u001b[32m\"button\"\u001b[39m\n          \u001b[36m>\u001b[39m\n            \u001b[0mTest Microphone\u001b[0m\n          \u001b[36m</button>\u001b[39m\n        \u001b[36m</div>\u001b[39m\n      \u001b[36m</div>\u001b[39m\n    \u001b[36m</div>\u001b[39m\n  \u001b[36m</body>\u001b[39m\n\u001b[36m</html>\u001b[39m"],"location":{"line":163,"column":27}}],"startTime":1758073749708,"endTime":1758073755816,"status":"failed","message":"","name":"/workspace/resonai/tests/unit/components/MicCalibrationFlow.spec.tsx"},{"assertionResults":[{"ancestorTitles":["","PracticeHUD"],"fullName":" PracticeHUD renders all metrics when visible","status":"passed","title":"renders all metrics when visible","duration":192,"failureMessages":[]},{"ancestorTitles":["","PracticeHUD"],"fullName":" PracticeHUD does not render when not visible","status":"passed","title":"does not render when not visible","duration":11,"failureMessages":[]},{"ancestorTitles":["","PracticeHUD"],"fullName":" PracticeHUD shows correct status for in-range pitch","status":"passed","title":"shows correct status for in-range pitch","duration":52,"failureMessages":[]},{"ancestorTitles":["","PracticeHUD"],"fullName":" PracticeHUD shows correct status for low pitch","status":"passed","title":"shows correct status for low pitch","duration":21,"failureMessages":[]},{"ancestorTitles":["","PracticeHUD"],"fullName":" PracticeHUD shows correct status for high pitch","status":"passed","title":"shows correct status for high pitch","duration":19,"failureMessages":[]},{"ancestorTitles":["","PracticeHUD"],"fullName":" PracticeHUD shows no signal when pitch is null","status":"passed","title":"shows no signal when pitch is null","duration":28,"failureMessages":[]},{"ancestorTitles":["","PracticeHUD"],"fullName":" PracticeHUD shows target ranges in footer","status":"passed","title":"shows target ranges in footer","duration":78,"failureMessages":[]},{"ancestorTitles":["","PracticeHUD"],"fullName":" PracticeHUD applies custom className","status":"passed","title":"applies custom className","duration":36,"failureMessages":[]},{"ancestorTitles":["","PracticeHUD"],"fullName":" PracticeHUD has proper ARIA attributes","status":"passed","title":"has proper ARIA attributes","duration":187,"failureMessages":[]},{"ancestorTitles":["","PracticeHUD"],"fullName":" PracticeHUD has proper ARIA labels for metrics","status":"passed","title":"has proper ARIA labels for metrics","duration":17,"failureMessages":[]},{"ancestorTitles":["","PracticeHUD"],"fullName":" PracticeHUD uses default target ranges when not provided","status":"passed","title":"uses default target ranges when not provided","duration":14,"failureMessages":[]},{"ancestorTitles":["","PracticeHUD"],"fullName":" PracticeHUD formats metrics correctly","status":"passed","title":"formats metrics correctly","duration":83,"failureMessages":[]}],"startTime":1758073751919,"endTime":1758073752664,"status":"passed","message":"","name":"/workspace/resonai/tests/unit/components/PracticeHUD.spec.tsx"},{"assertionResults":[{"ancestorTitles":["","GuideOverlay"],"fullName":" GuideOverlay renders button and toggles panel","status":"passed","title":"renders button and toggles panel","duration":364,"failureMessages":[]}],"startTime":1758073764486,"endTime":1758073764850,"status":"passed","message":"","name":"/workspace/resonai/tests/unit/components/guide-overlay.spec.tsx"},{"assertionResults":[{"ancestorTitles":["","Orb"],"fullName":" Orb renders with accessible label and gradient","status":"passed","title":"renders with accessible label and gradient","duration":232,"failureMessages":[]},{"ancestorTitles":["","Orb"],"fullName":" Orb renders trend chips","status":"passed","title":"renders trend chips","duration":15,"failureMessages":[]}],"startTime":1758073764454,"endTime":1758073764701,"status":"passed","message":"","name":"/workspace/resonai/tests/unit/components/orb.spec.tsx"},{"assertionResults":[{"ancestorTitles":["","PitchBandDrill"],"fullName":" PitchBandDrill renders waiting state","status":"passed","title":"renders waiting state","duration":69,"failureMessages":[]},{"ancestorTitles":["","PitchBandDrill"],"fullName":" PitchBandDrill announces in-band","status":"passed","title":"announces in-band","duration":144,"failureMessages":[]},{"ancestorTitles":["","PitchBandDrill"],"fullName":" PitchBandDrill announces out-of-band","status":"passed","title":"announces out-of-band","duration":62,"failureMessages":[]}],"startTime":1758073764295,"endTime":1758073764571,"status":"passed","message":"","name":"/workspace/resonai/tests/unit/components/pitch-band-drill.spec.tsx"},{"assertionResults":[{"ancestorTitles":["","ProgressBar Component"],"fullName":" ProgressBar Component renders progress bar with correct attributes","status":"passed","title":"renders progress bar with correct attributes","duration":235,"failureMessages":[]},{"ancestorTitles":["","ProgressBar Component"],"fullName":" ProgressBar Component handles zero progress","status":"passed","title":"handles zero progress","duration":58,"failureMessages":[]},{"ancestorTitles":["","ProgressBar Component"],"fullName":" ProgressBar Component handles complete progress","status":"passed","title":"handles complete progress","duration":91,"failureMessages":[]},{"ancestorTitles":["","ProgressBar Component"],"fullName":" ProgressBar Component clamps negative steps to zero","status":"passed","title":"clamps negative steps to zero","duration":43,"failureMessages":[]},{"ancestorTitles":["","ProgressBar Component"],"fullName":" ProgressBar Component clamps overflow steps to total","status":"passed","title":"clamps overflow steps to total","duration":34,"failureMessages":[]},{"ancestorTitles":["","ProgressBar Component"],"fullName":" ProgressBar Component handles invalid total with safe fallback","status":"passed","title":"handles invalid total with safe fallback","duration":34,"failureMessages":[]},{"ancestorTitles":["","ProgressBar Component"],"fullName":" ProgressBar Component applies custom className","status":"passed","title":"applies custom className","duration":21,"failureMessages":[]},{"ancestorTitles":["","ProgressBar Component"],"fullName":" ProgressBar Component applies aria-describedby when provided","status":"passed","title":"applies aria-describedby when provided","duration":17,"failureMessages":[]},{"ancestorTitles":["","ProgressBar Component"],"fullName":" ProgressBar Component renders SVG meter with correct dimensions","status":"passed","title":"renders SVG meter with correct dimensions","duration":6,"failureMessages":[]}],"startTime":1758073754586,"endTime":1758073755127,"status":"passed","message":"","name":"/workspace/resonai/tests/unit/components/progress-bar.spec.tsx"},{"assertionResults":[{"ancestorTitles":["","useMicCalibration"],"fullName":" useMicCalibration initializes with no configuration","status":"passed","title":"initializes with no configuration","duration":21,"failureMessages":[]},{"ancestorTitles":["","useMicCalibration"],"fullName":" useMicCalibration loads saved configuration from localStorage","status":"passed","title":"loads saved configuration from localStorage","duration":3,"failureMessages":[]},{"ancestorTitles":["","useMicCalibration"],"fullName":" useMicCalibration handles invalid saved configuration gracefully","status":"passed","title":"handles invalid saved configuration gracefully","duration":62,"failureMessages":[]},{"ancestorTitles":["","useMicCalibration"],"fullName":" useMicCalibration saves configuration to localStorage","status":"passed","title":"saves configuration to localStorage","duration":16,"failureMessages":[]},{"ancestorTitles":["","useMicCalibration"],"fullName":" useMicCalibration handles save errors gracefully","status":"passed","title":"handles save errors gracefully","duration":82,"failureMessages":[]},{"ancestorTitles":["","useMicCalibration"],"fullName":" useMicCalibration clears configuration from localStorage","status":"passed","title":"clears configuration from localStorage","duration":7,"failureMessages":[]},{"ancestorTitles":["","useMicCalibration"],"fullName":" useMicCalibration handles clear errors gracefully","status":"passed","title":"handles clear errors gracefully","duration":10,"failureMessages":[]},{"ancestorTitles":["","useMicCalibration"],"fullName":" useMicCalibration resets configuration for retesting","status":"passed","title":"resets configuration for retesting","duration":7,"failureMessages":[]},{"ancestorTitles":["","useMicCalibration"],"fullName":" useMicCalibration returns default media constraints when no config","status":"passed","title":"returns default media constraints when no config","duration":7,"failureMessages":[]},{"ancestorTitles":["","useMicCalibration"],"fullName":" useMicCalibration returns configured media constraints when config exists","status":"passed","title":"returns configured media constraints when config exists","duration":7,"failureMessages":[]},{"ancestorTitles":["","useMicCalibration"],"fullName":" useMicCalibration returns constraints without deviceId when deviceId is null","status":"passed","title":"returns constraints without deviceId when deviceId is null","duration":16,"failureMessages":[]}],"startTime":1758073751959,"endTime":1758073752200,"status":"passed","message":"","name":"/workspace/resonai/tests/unit/hooks/useMicCalibration.spec.ts"},{"assertionResults":[{"ancestorTitles":["","usePracticeMetrics"],"fullName":" usePracticeMetrics initializes with default state","status":"passed","title":"initializes with default state","duration":25,"failureMessages":[]},{"ancestorTitles":["","usePracticeMetrics"],"fullName":" usePracticeMetrics handles null mediaStream gracefully","status":"passed","title":"handles null mediaStream gracefully","duration":5,"failureMessages":[]},{"ancestorTitles":["","usePracticeMetrics"],"fullName":" usePracticeMetrics provides start and stop functions","status":"passed","title":"provides start and stop functions","duration":3,"failureMessages":[]},{"ancestorTitles":["","usePracticeMetrics"],"fullName":" usePracticeMetrics accepts custom options","status":"passed","title":"accepts custom options","duration":3,"failureMessages":[]},{"ancestorTitles":["","usePracticeMetrics"],"fullName":" usePracticeMetrics handles initialization errors gracefully","status":"passed","title":"handles initialization errors gracefully","duration":3,"failureMessages":[]},{"ancestorTitles":["","usePracticeMetrics"],"fullName":" usePracticeMetrics cleans up resources on unmount","status":"passed","title":"cleans up resources on unmount","duration":3,"failureMessages":[]},{"ancestorTitles":["","usePracticeMetrics"],"fullName":" usePracticeMetrics stops processing when stop is called","status":"passed","title":"stops processing when stop is called","duration":3,"failureMessages":[]},{"ancestorTitles":["","usePracticeMetrics"],"fullName":" usePracticeMetrics resets metrics when stopped","status":"passed","title":"resets metrics when stopped","duration":3,"failureMessages":[]}],"startTime":1758073754841,"endTime":1758073754889,"status":"passed","message":"","name":"/workspace/resonai/tests/unit/hooks/usePracticeMetrics.spec.ts"},{"assertionResults":[{"ancestorTitles":["","analytics beacon payload"],"fullName":" analytics beacon payload flushes beacon payload with JSON content-type accepted by /api/events","status":"passed","title":"flushes beacon payload with JSON content-type accepted by /api/events","duration":61,"failureMessages":[]}],"startTime":1758073758225,"endTime":1758073758286,"status":"passed","message":"","name":"/workspace/resonai/tests/unit/lib/analytics.spec.ts"},{"assertionResults":[{"ancestorTitles":["","Progress Library","calculateTrainingSessionProgress"],"fullName":" Progress Library calculateTrainingSessionProgress calculates progress correctly for normal inputs","status":"passed","title":"calculates progress correctly for normal inputs","duration":3,"failureMessages":[]},{"ancestorTitles":["","Progress Library","calculateTrainingSessionProgress"],"fullName":" Progress Library calculateTrainingSessionProgress handles zero progress","status":"passed","title":"handles zero progress","duration":0,"failureMessages":[]},{"ancestorTitles":["","Progress Library","calculateTrainingSessionProgress"],"fullName":" Progress Library calculateTrainingSessionProgress handles complete progress","status":"passed","title":"handles complete progress","duration":1,"failureMessages":[]},{"ancestorTitles":["","Progress Library","calculateTrainingSessionProgress"],"fullName":" Progress Library calculateTrainingSessionProgress clamps negative steps to zero","status":"passed","title":"clamps negative steps to zero","duration":0,"failureMessages":[]},{"ancestorTitles":["","Progress Library","calculateTrainingSessionProgress"],"fullName":" Progress Library calculateTrainingSessionProgress clamps overflow steps to total","status":"passed","title":"clamps overflow steps to total","duration":0,"failureMessages":[]},{"ancestorTitles":["","Progress Library","calculateTrainingSessionProgress"],"fullName":" Progress Library calculateTrainingSessionProgress handles invalid total with safe fallback","status":"passed","title":"handles invalid total with safe fallback","duration":1,"failureMessages":[]},{"ancestorTitles":["","Progress Library","calculateTrainingSessionProgress"],"fullName":" Progress Library calculateTrainingSessionProgress handles negative total with safe fallback","status":"passed","title":"handles negative total with safe fallback","duration":0,"failureMessages":[]},{"ancestorTitles":["","Progress Library","calculateTrainingSessionProgress"],"fullName":" Progress Library calculateTrainingSessionProgress handles non-finite inputs safely","status":"passed","title":"handles non-finite inputs safely","duration":0,"failureMessages":[]},{"ancestorTitles":["","Progress Library","getTrainingSessionProgress"],"fullName":" Progress Library getTrainingSessionProgress works with ProgressInput object","status":"passed","title":"works with ProgressInput object","duration":1,"failureMessages":[]},{"ancestorTitles":["","Progress Library","safeGetTrainingSessionProgress"],"fullName":" Progress Library safeGetTrainingSessionProgress returns null for invalid input","status":"passed","title":"returns null for invalid input","duration":1,"failureMessages":[]},{"ancestorTitles":["","Progress Library","safeGetTrainingSessionProgress"],"fullName":" Progress Library safeGetTrainingSessionProgress returns progress for valid input","status":"passed","title":"returns progress for valid input","duration":0,"failureMessages":[]},{"ancestorTitles":["","Progress Library","createProgressCalculator"],"fullName":" Progress Library createProgressCalculator creates calculator for specific total","status":"passed","title":"creates calculator for specific total","duration":0,"failureMessages":[]},{"ancestorTitles":["","Progress Library","isProgressComplete"],"fullName":" Progress Library isProgressComplete returns true for 100% progress","status":"passed","title":"returns true for 100% progress","duration":1,"failureMessages":[]},{"ancestorTitles":["","Progress Library","isProgressComplete"],"fullName":" Progress Library isProgressComplete returns false for incomplete progress","status":"passed","title":"returns false for incomplete progress","duration":2,"failureMessages":[]},{"ancestorTitles":["","Progress Library","isProgressAtStart"],"fullName":" Progress Library isProgressAtStart returns true for 0% progress","status":"passed","title":"returns true for 0% progress","duration":1,"failureMessages":[]},{"ancestorTitles":["","Progress Library","isProgressAtStart"],"fullName":" Progress Library isProgressAtStart returns false for non-zero progress","status":"passed","title":"returns false for non-zero progress","duration":0,"failureMessages":[]},{"ancestorTitles":["","Progress Library","getProgressStatusText"],"fullName":" Progress Library getProgressStatusText formats status text correctly","status":"passed","title":"formats status text correctly","duration":0,"failureMessages":[]},{"ancestorTitles":["","Progress Library","Type Guards","isValidProgressInput"],"fullName":" Progress Library Type Guards isValidProgressInput validates correct ProgressInput","status":"passed","title":"validates correct ProgressInput","duration":1,"failureMessages":[]},{"ancestorTitles":["","Progress Library","Type Guards","isValidProgressInput"],"fullName":" Progress Library Type Guards isValidProgressInput rejects invalid inputs","status":"passed","title":"rejects invalid inputs","duration":1,"failureMessages":[]},{"ancestorTitles":["","Progress Library","Type Guards","isSafeNumber"],"fullName":" Progress Library Type Guards isSafeNumber validates safe numbers","status":"passed","title":"validates safe numbers","duration":1,"failureMessages":[]},{"ancestorTitles":["","Progress Library","Type Guards","isSafeNumber"],"fullName":" Progress Library Type Guards isSafeNumber rejects unsafe numbers","status":"passed","title":"rejects unsafe numbers","duration":0,"failureMessages":[]},{"ancestorTitles":["","Progress Library","Type Guards","isPositiveInteger"],"fullName":" Progress Library Type Guards isPositiveInteger validates positive integers","status":"passed","title":"validates positive integers","duration":0,"failureMessages":[]},{"ancestorTitles":["","Progress Library","Type Guards","isPositiveInteger"],"fullName":" Progress Library Type Guards isPositiveInteger rejects non-positive or non-integers","status":"passed","title":"rejects non-positive or non-integers","duration":1,"failureMessages":[]},{"ancestorTitles":["","Progress Library","Type Guards","isValidNumber"],"fullName":" Progress Library Type Guards isValidNumber validates valid numbers","status":"passed","title":"validates valid numbers","duration":0,"failureMessages":[]},{"ancestorTitles":["","Progress Library","Type Guards","isValidNumber"],"fullName":" Progress Library Type Guards isValidNumber rejects invalid numbers","status":"passed","title":"rejects invalid numbers","duration":0,"failureMessages":[]},{"ancestorTitles":["","Progress Library","Type Guards","isValidPositiveInteger"],"fullName":" Progress Library Type Guards isValidPositiveInteger validates positive integers","status":"passed","title":"validates positive integers","duration":1,"failureMessages":[]},{"ancestorTitles":["","Progress Library","Type Guards","isValidPositiveInteger"],"fullName":" Progress Library Type Guards isValidPositiveInteger rejects non-positive or non-integers","status":"passed","title":"rejects non-positive or non-integers","duration":0,"failureMessages":[]},{"ancestorTitles":["","Progress Library","Type Guards","isValidNonNegativeInteger"],"fullName":" Progress Library Type Guards isValidNonNegativeInteger validates non-negative integers","status":"passed","title":"validates non-negative integers","duration":0,"failureMessages":[]},{"ancestorTitles":["","Progress Library","Type Guards","isValidNonNegativeInteger"],"fullName":" Progress Library Type Guards isValidNonNegativeInteger rejects negative or non-integers","status":"passed","title":"rejects negative or non-integers","duration":1,"failureMessages":[]},{"ancestorTitles":["","Progress Library","clampProgressValue"],"fullName":" Progress Library clampProgressValue clamps values to range","status":"passed","title":"clamps values to range","duration":0,"failureMessages":[]},{"ancestorTitles":["","Progress Library","clampProgressValue"],"fullName":" Progress Library clampProgressValue handles invalid input with min fallback","status":"passed","title":"handles invalid input with min fallback","duration":1,"failureMessages":[]}],"startTime":1758073749169,"endTime":1758073749195,"status":"passed","message":"","name":"/workspace/resonai/tests/unit/lib/progress.spec.ts"},{"assertionResults":[{"ancestorTitles":["","collectSources"],"fullName":" collectSources includes metadata nested within sections","status":"passed","title":"includes metadata nested within sections","duration":2,"failureMessages":[]},{"ancestorTitles":["","renderSummary CLI integration"],"fullName":" renderSummary CLI integration writes section metadata fields into front matter","status":"passed","title":"writes section metadata fields into front matter","duration":29,"failureMessages":[]},{"ancestorTitles":["","renderSummaryMarkdown"],"fullName":" renderSummaryMarkdown prefers metadata provided by sections when top-level metadata is absent","status":"passed","title":"prefers metadata provided by sections when top-level metadata is absent","duration":3,"failureMessages":[]}],"startTime":1758073757993,"endTime":1758073758028,"status":"passed","message":"","name":"/workspace/resonai/tests/unit/tools/codex-cloud/render-summary.spec.ts"}]}